Fri Nov 18 21:01:02 2016 [I] Processing config line "b:/home/richyg/mynewproject/config,/home/richyg/mynewproject/configbackup"
Fri Nov 18 21:01:02 2016 [I] Successfully backed up /home/richyg/mynewproject/config to /home/richyg/mynewproject/configbackup/config_20161118.tar
Fri Nov 18 21:01:02 2016 [I] Processing config line "/home/richyg/mynewproject,*.*,1"
Fri Nov 18 21:01:02 2016 [I] 0 files deleted
Fri Nov 18 21:01:02 2016 [I] Processing config line "/home/richyg/mynewproject/configbackup,*.tar,2"
Fri Nov 18 21:01:02 2016 [I] 0 files deleted
Fri Nov 18 22:01:03 2016 [I] Processing config line "b:/home/richyg/mynewproject/config,/home/richyg/mynewproject/configbackup"
Fri Nov 18 22:01:03 2016 [I] Successfully backed up /home/richyg/mynewproject/config to /home/richyg/mynewproject/configbackup/config_20161118.tar
Fri Nov 18 22:01:03 2016 [I] Processing config line "/home/richyg/mynewproject,*.*,1"
Fri Nov 18 22:01:03 2016 [I] 0 files deleted
Fri Nov 18 22:01:03 2016 [I] Processing config line "/home/richyg/mynewproject/configbackup,*.tar,2"
Fri Nov 18 22:01:03 2016 [I] 0 files deleted
Fri Nov 18 23:01:02 2016 [I] Processing config line "b:/home/richyg/mynewproject/config,/home/richyg/mynewproject/configbackup"
Fri Nov 18 23:01:02 2016 [I] Successfully backed up /home/richyg/mynewproject/config to /home/richyg/mynewproject/configbackup/config_20161118.tar
Fri Nov 18 23:01:03 2016 [I] Processing config line "/home/richyg/mynewproject,*.*,1"
Fri Nov 18 23:01:03 2016 [I] 0 files deleted
Fri Nov 18 23:01:03 2016 [I] Processing config line "/home/richyg/mynewproject/configbackup,*.tar,2"
Fri Nov 18 23:01:03 2016 [I] 0 files deleted
Sat Nov 19 00:01:02 2016 [I] Processing config line "b:/home/richyg/mynewproject/config,/home/richyg/mynewproject/configbackup"
Sat Nov 19 00:01:02 2016 [I] Successfully backed up /home/richyg/mynewproject/config to /home/richyg/mynewproject/configbackup/config_20161119.tar
Sat Nov 19 00:01:02 2016 [I] Processing config line "/home/richyg/mynewproject,*.*,1"
Sat Nov 19 00:01:02 2016 [I] 0 files deleted
Sat Nov 19 00:01:02 2016 [I] Processing config line "/home/richyg/mynewproject/configbackup,*.tar,2"
Sat Nov 19 00:01:02 2016 [I] 0 files deleted
Sat Nov 19 01:01:02 2016 [I] Processing config line "b:/home/richyg/mynewproject/config,/home/richyg/mynewproject/configbackup"
Sat Nov 19 01:01:02 2016 [I] Successfully backed up /home/richyg/mynewproject/config to /home/richyg/mynewproject/configbackup/config_20161119.tar
Sat Nov 19 01:01:02 2016 [I] Processing config line "/home/richyg/mynewproject,*.*,1"
Sat Nov 19 01:01:02 2016 [I] 0 files deleted
Sat Nov 19 01:01:02 2016 [I] Processing config line "/home/richyg/mynewproject/configbackup,*.tar,2"
Sat Nov 19 01:01:02 2016 [I] 0 files deleted
Sat Nov 19 02:01:02 2016 [I] Processing config line "b:/home/richyg/mynewproject/config,/home/richyg/mynewproject/configbackup"
Sat Nov 19 02:01:02 2016 [I] Successfully backed up /home/richyg/mynewproject/config to /home/richyg/mynewproject/configbackup/config_20161119.tar
Sat Nov 19 02:01:02 2016 [I] Processing config line "/home/richyg/mynewproject,*.*,1"
Sat Nov 19 02:01:02 2016 [I] 0 files deleted
Sat Nov 19 02:01:02 2016 [I] Processing config line "/home/richyg/mynewproject/configbackup,*.tar,2"
Sat Nov 19 02:01:02 2016 [I] 0 files deleted
Sat Nov 19 03:01:03 2016 [I] Processing config line "b:/home/richyg/mynewproject/config,/home/richyg/mynewproject/configbackup"
Sat Nov 19 03:01:03 2016 [I] Successfully backed up /home/richyg/mynewproject/config to /home/richyg/mynewproject/configbackup/config_20161119.tar
Sat Nov 19 03:01:03 2016 [I] Processing config line "/home/richyg/mynewproject,*.*,1"
Sat Nov 19 03:01:03 2016 [I] 0 files deleted
Sat Nov 19 03:01:03 2016 [I] Processing config line "/home/richyg/mynewproject/configbackup,*.tar,2"
Sat Nov 19 03:01:03 2016 [I] 0 files deleted
Sat Nov 19 04:01:02 2016 [I] Processing config line "b:/home/richyg/mynewproject/config,/home/richyg/mynewproject/configbackup"
Sat Nov 19 04:01:02 2016 [I] Successfully backed up /home/richyg/mynewproject/config to /home/richyg/mynewproject/configbackup/config_20161119.tar
Sat Nov 19 04:01:02 2016 [I] Processing config line "/home/richyg/mynewproject,*.*,1"
Sat Nov 19 04:01:02 2016 [I] 0 files deleted
Sat Nov 19 04:01:02 2016 [I] Processing config line "/home/richyg/mynewproject/configbackup,*.tar,2"
Sat Nov 19 04:01:02 2016 [I] 0 files deleted
Sat Nov 19 05:01:02 2016 [I] Processing config line "b:/home/richyg/mynewproject/config,/home/richyg/mynewproject/configbackup"
Sat Nov 19 05:01:03 2016 [I] Successfully backed up /home/richyg/mynewproject/config to /home/richyg/mynewproject/configbackup/config_20161119.tar
Sat Nov 19 05:01:03 2016 [I] Processing config line "/home/richyg/mynewproject,*.*,1"
Sat Nov 19 05:01:03 2016 [I] 0 files deleted
Sat Nov 19 05:01:03 2016 [I] Processing config line "/home/richyg/mynewproject/configbackup,*.tar,2"
Sat Nov 19 05:01:03 2016 [I] 0 files deleted
Sat Nov 19 06:01:02 2016 [I] Processing config line "b:/home/richyg/mynewproject/config,/home/richyg/mynewproject/configbackup"
Sat Nov 19 06:01:02 2016 [I] Successfully backed up /home/richyg/mynewproject/config to /home/richyg/mynewproject/configbackup/config_20161119.tar
Sat Nov 19 06:01:02 2016 [I] Processing config line "/home/richyg/mynewproject,*.*,1"
Sat Nov 19 06:01:02 2016 [I] 0 files deleted
Sat Nov 19 06:01:02 2016 [I] Processing config line "/home/richyg/mynewproject/configbackup,*.tar,2"
Sat Nov 19 06:01:02 2016 [I] 0 files deleted
Sat Nov 19 07:01:02 2016 [I] Processing config line "b:/home/richyg/mynewproject/config,/home/richyg/mynewproject/configbackup"
Sat Nov 19 07:01:02 2016 [I] Successfully backed up /home/richyg/mynewproject/config to /home/richyg/mynewproject/configbackup/config_20161119.tar
Sat Nov 19 07:01:02 2016 [I] Processing config line "/home/richyg/mynewproject,*.*,1"
Sat Nov 19 07:01:02 2016 [I] 0 files deleted
Sat Nov 19 07:01:02 2016 [I] Processing config line "/home/richyg/mynewproject/configbackup,*.tar,2"
Sat Nov 19 07:01:02 2016 [I] 0 files deleted
Sat Nov 19 08:05:01 2016 [I] Processing config line "b:/home/richyg/mynewproject/config,/home/richyg/mynewproject/configbackup"
Sat Nov 19 08:05:01 2016 [I] Successfully backed up /home/richyg/mynewproject/config to /home/richyg/mynewproject/configbackup/config_20161119.tar
Sat Nov 19 08:05:01 2016 [I] Processing config line "/home/richyg/mynewproject,*.*,1"
Sat Nov 19 08:05:01 2016 [I] 0 files deleted
Sat Nov 19 08:05:01 2016 [I] Processing config line "/home/richyg/mynewproject/configbackup,*.tar,2"
Sat Nov 19 08:05:01 2016 [I] 0 files deleted
Sat Nov 19 09:05:02 2016 [I] Processing config line "b:/home/richyg/mynewproject/config,/home/richyg/mynewproject/configbackup"
Sat Nov 19 09:05:02 2016 [I] Successfully backed up /home/richyg/mynewproject/config to /home/richyg/mynewproject/configbackup/config_20161119.tar
Sat Nov 19 09:05:02 2016 [I] Processing config line "/home/richyg/mynewproject,*.*,1"
Sat Nov 19 09:05:02 2016 [I] 0 files deleted
Sat Nov 19 09:05:02 2016 [I] Processing config line "/home/richyg/mynewproject/configbackup,*.tar,2"
Sat Nov 19 09:05:02 2016 [I] 0 files deleted
Sat Nov 19 10:05:02 2016 [I] Processing config line "b:/home/richyg/mynewproject/config,/home/richyg/mynewproject/configbackup"
Sat Nov 19 10:05:02 2016 [I] Successfully backed up /home/richyg/mynewproject/config to /home/richyg/mynewproject/configbackup/config_20161119.tar
Sat Nov 19 10:05:02 2016 [I] Processing config line "/home/richyg/mynewproject,*.*,1"
Sat Nov 19 10:05:02 2016 [I] 0 files deleted
Sat Nov 19 10:05:02 2016 [I] Processing config line "/home/richyg/mynewproject/configbackup,*.tar,2"
Sat Nov 19 10:05:02 2016 [I] 0 files deleted
Sat Nov 19 11:05:01 2016 [I] Processing config line "b:/home/richyg/mynewproject/config,/home/richyg/mynewproject/configbackup"
Sat Nov 19 11:05:01 2016 [I] Successfully backed up /home/richyg/mynewproject/config to /home/richyg/mynewproject/configbackup/config_20161119.tar
Sat Nov 19 11:05:01 2016 [I] Processing config line "/home/richyg/mynewproject,*.*,1"
Sat Nov 19 11:05:01 2016 [I] 0 files deleted
Sat Nov 19 11:05:01 2016 [I] Processing config line "/home/richyg/mynewproject/configbackup,*.tar,2"
Sat Nov 19 11:05:01 2016 [I] 0 files deleted
Sat Nov 19 12:05:02 2016 [I] Processing config line "b:/home/richyg/mynewproject/config,/home/richyg/mynewproject/configbackup"
Sat Nov 19 12:05:02 2016 [I] Successfully backed up /home/richyg/mynewproject/config to /home/richyg/mynewproject/configbackup/config_20161119.tar
Sat Nov 19 12:05:02 2016 [I] Processing config line "/home/richyg/mynewproject,*.*,1"
Sat Nov 19 12:05:02 2016 [I] 0 files deleted
Sat Nov 19 12:05:02 2016 [I] Processing config line "/home/richyg/mynewproject/configbackup,*.tar,2"
Sat Nov 19 12:05:02 2016 [I] 0 files deleted
Sat Nov 19 13:05:01 2016 [I] Processing config line "b:/home/richyg/mynewproject/config,/home/richyg/mynewproject/configbackup"
Sat Nov 19 13:05:01 2016 [I] Successfully backed up /home/richyg/mynewproject/config to /home/richyg/mynewproject/configbackup/config_20161119.tar
Sat Nov 19 13:05:01 2016 [I] Processing config line "/home/richyg/mynewproject,*.*,1"
Sat Nov 19 13:05:02 2016 [I] 0 files deleted
Sat Nov 19 13:05:02 2016 [I] Processing config line "/home/richyg/mynewproject/configbackup,*.tar,2"
Sat Nov 19 13:05:02 2016 [I] 0 files deleted
Sat Nov 19 14:05:01 2016 [I] Processing config line "b:/home/richyg/mynewproject/config,/home/richyg/mynewproject/configbackup"
Sat Nov 19 14:05:01 2016 [I] Successfully backed up /home/richyg/mynewproject/config to /home/richyg/mynewproject/configbackup/config_20161119.tar
Sat Nov 19 14:05:01 2016 [I] Processing config line "/home/richyg/mynewproject,*.*,1"
Sat Nov 19 14:05:01 2016 [I] 0 files deleted
Sat Nov 19 14:05:01 2016 [I] Processing config line "/home/richyg/mynewproject/configbackup,*.tar,2"
Sat Nov 19 14:05:01 2016 [I] 0 files deleted
Sat Nov 19 15:05:02 2016 [I] Processing config line "b:/home/richyg/mynewproject/config,/home/richyg/mynewproject/configbackup"
Sat Nov 19 15:05:02 2016 [I] Successfully backed up /home/richyg/mynewproject/config to /home/richyg/mynewproject/configbackup/config_20161119.tar
Sat Nov 19 15:05:02 2016 [I] Processing config line "/home/richyg/mynewproject,*.*,1"
Sat Nov 19 15:05:02 2016 [I] 0 files deleted
Sat Nov 19 15:05:02 2016 [I] Processing config line "/home/richyg/mynewproject/configbackup,*.tar,2"
Sat Nov 19 15:05:02 2016 [I] 0 files deleted
Sat Nov 19 16:05:01 2016 [I] Processing config line "b:/home/richyg/mynewproject/config,/home/richyg/mynewproject/configbackup"
Sat Nov 19 16:05:01 2016 [I] Successfully backed up /home/richyg/mynewproject/config to /home/richyg/mynewproject/configbackup/config_20161119.tar
Sat Nov 19 16:05:01 2016 [I] Processing config line "/home/richyg/mynewproject,*.*,1"
Sat Nov 19 16:05:01 2016 [I] 0 files deleted
Sat Nov 19 16:05:01 2016 [I] Processing config line "/home/richyg/mynewproject/configbackup,*.tar,2"
Sat Nov 19 16:05:01 2016 [I] 0 files deleted
Sat Nov 19 17:05:02 2016 [I] Processing config line "b:/home/richyg/mynewproject/config,/home/richyg/mynewproject/configbackup"
Sat Nov 19 17:05:02 2016 [I] Successfully backed up /home/richyg/mynewproject/config to /home/richyg/mynewproject/configbackup/config_20161119.tar
Sat Nov 19 17:05:02 2016 [I] Processing config line "/home/richyg/mynewproject,*.*,1"
Sat Nov 19 17:05:02 2016 [I] 0 files deleted
Sat Nov 19 17:05:02 2016 [I] Processing config line "/home/richyg/mynewproject/configbackup,*.tar,2"
Sat Nov 19 17:05:02 2016 [I] 0 files deleted
Sat Nov 19 18:05:01 2016 [I] Processing config line "b:/home/richyg/mynewproject/config,/home/richyg/mynewproject/configbackup"
Sat Nov 19 18:05:02 2016 [I] Successfully backed up /home/richyg/mynewproject/config to /home/richyg/mynewproject/configbackup/config_20161119.tar
Sat Nov 19 18:05:02 2016 [I] Processing config line "/home/richyg/mynewproject,*.*,1"
Sat Nov 19 18:05:02 2016 [I] 0 files deleted
Sat Nov 19 18:05:02 2016 [I] Processing config line "/home/richyg/mynewproject/configbackup,*.tar,2"
Sat Nov 19 18:05:02 2016 [I] 0 files deleted
Sat Nov 19 19:05:02 2016 [I] Processing config line "b:/home/richyg/mynewproject/config,/home/richyg/mynewproject/configbackup"
Sat Nov 19 19:05:02 2016 [I] Successfully backed up /home/richyg/mynewproject/config to /home/richyg/mynewproject/configbackup/config_20161119.tar
Sat Nov 19 19:05:02 2016 [I] Processing config line "/home/richyg/mynewproject,*.*,1"
Sat Nov 19 19:05:02 2016 [I] 0 files deleted
Sat Nov 19 19:05:02 2016 [I] Processing config line "/home/richyg/mynewproject/configbackup,*.tar,2"
Sat Nov 19 19:05:02 2016 [I] 0 files deleted
Sat Nov 19 20:05:02 2016 [I] Processing config line "b:/home/richyg/mynewproject/config,/home/richyg/mynewproject/configbackup"
Sat Nov 19 20:05:02 2016 [I] Successfully backed up /home/richyg/mynewproject/config to /home/richyg/mynewproject/configbackup/config_20161119.tar
Sat Nov 19 20:05:02 2016 [I] Processing config line "/home/richyg/mynewproject,*.*,1"
Sat Nov 19 20:05:02 2016 [I] 0 files deleted
Sat Nov 19 20:05:02 2016 [I] Processing config line "/home/richyg/mynewproject/configbackup,*.tar,2"
Sat Nov 19 20:05:02 2016 [I] 0 files deleted
Sat Nov 19 21:05:01 2016 [I] Processing config line "b:/home/richyg/mynewproject/config,/home/richyg/mynewproject/configbackup"
Sat Nov 19 21:05:01 2016 [I] Successfully backed up /home/richyg/mynewproject/config to /home/richyg/mynewproject/configbackup/config_20161119.tar
Sat Nov 19 21:05:01 2016 [I] Processing config line "/home/richyg/mynewproject,*.*,1"
Sat Nov 19 21:05:02 2016 [I] 0 files deleted
Sat Nov 19 21:05:02 2016 [I] Processing config line "/home/richyg/mynewproject/configbackup,*.tar,2"
Sat Nov 19 21:05:02 2016 [I] 0 files deleted
Sat Nov 19 22:05:02 2016 [I] Processing config line "b:/home/richyg/mynewproject/config,/home/richyg/mynewproject/configbackup"
Sat Nov 19 22:05:02 2016 [I] Successfully backed up /home/richyg/mynewproject/config to /home/richyg/mynewproject/configbackup/config_20161119.tar
Sat Nov 19 22:05:02 2016 [I] Processing config line "/home/richyg/mynewproject,*.*,1"
Sat Nov 19 22:05:02 2016 [I] 0 files deleted
Sat Nov 19 22:05:02 2016 [I] Processing config line "/home/richyg/mynewproject/configbackup,*.tar,2"
Sat Nov 19 22:05:02 2016 [I] 0 files deleted
Sat Nov 19 23:05:01 2016 [I] Processing config line "b:/home/richyg/mynewproject/config,/home/richyg/mynewproject/configbackup"
Sat Nov 19 23:05:01 2016 [I] Successfully backed up /home/richyg/mynewproject/config to /home/richyg/mynewproject/configbackup/config_20161119.tar
Sat Nov 19 23:05:01 2016 [I] Processing config line "/home/richyg/mynewproject,*.*,1"
Sat Nov 19 23:05:01 2016 [I] 0 files deleted
Sat Nov 19 23:05:01 2016 [I] Processing config line "/home/richyg/mynewproject/configbackup,*.tar,2"
Sat Nov 19 23:05:01 2016 [I] 0 files deleted
Sun Nov 20 00:05:01 2016 [I] Processing config line "b:/home/richyg/mynewproject/config,/home/richyg/mynewproject/configbackup"
Sun Nov 20 00:05:01 2016 [I] Successfully backed up /home/richyg/mynewproject/config to /home/richyg/mynewproject/configbackup/config_20161120.tar
Sun Nov 20 00:05:01 2016 [I] Processing config line "/home/richyg/mynewproject,*.*,1"
Sun Nov 20 00:05:01 2016 [I] 0 files deleted
Sun Nov 20 00:05:01 2016 [I] Processing config line "/home/richyg/mynewproject/configbackup,*.tar,2"
Sun Nov 20 00:05:01 2016 [I] 0 files deleted
Sun Nov 20 01:05:02 2016 [I] Processing config line "b:/home/richyg/mynewproject/config,/home/richyg/mynewproject/configbackup"
Sun Nov 20 01:05:02 2016 [I] Successfully backed up /home/richyg/mynewproject/config to /home/richyg/mynewproject/configbackup/config_20161120.tar
Sun Nov 20 01:05:02 2016 [I] Processing config line "/home/richyg/mynewproject,*.*,1"
Sun Nov 20 01:05:02 2016 [I] 0 files deleted
Sun Nov 20 01:05:02 2016 [I] Processing config line "/home/richyg/mynewproject/configbackup,*.tar,2"
Sun Nov 20 01:05:02 2016 [I] 0 files deleted
Sun Nov 20 02:05:01 2016 [I] Processing config line "b:/home/richyg/mynewproject/config,/home/richyg/mynewproject/configbackup"
Sun Nov 20 02:05:01 2016 [I] Successfully backed up /home/richyg/mynewproject/config to /home/richyg/mynewproject/configbackup/config_20161120.tar
Sun Nov 20 02:05:01 2016 [I] Processing config line "/home/richyg/mynewproject,*.*,1"
Sun Nov 20 02:05:01 2016 [I] 0 files deleted
Sun Nov 20 02:05:01 2016 [I] Processing config line "/home/richyg/mynewproject/configbackup,*.tar,2"
Sun Nov 20 02:05:02 2016 [I] 0 files deleted
Sun Nov 20 03:05:01 2016 [I] Processing config line "b:/home/richyg/mynewproject/config,/home/richyg/mynewproject/configbackup"
Sun Nov 20 03:05:01 2016 [I] Successfully backed up /home/richyg/mynewproject/config to /home/richyg/mynewproject/configbackup/config_20161120.tar
Sun Nov 20 03:05:01 2016 [I] Processing config line "/home/richyg/mynewproject,*.*,1"
Sun Nov 20 03:05:02 2016 [I] 0 files deleted
Sun Nov 20 03:05:02 2016 [I] Processing config line "/home/richyg/mynewproject/configbackup,*.tar,2"
Sun Nov 20 03:05:02 2016 [I] 0 files deleted
Sun Nov 20 04:05:01 2016 [I] Processing config line "b:/home/richyg/mynewproject/config,/home/richyg/mynewproject/configbackup"
Sun Nov 20 04:05:01 2016 [I] Successfully backed up /home/richyg/mynewproject/config to /home/richyg/mynewproject/configbackup/config_20161120.tar
Sun Nov 20 04:05:01 2016 [I] Processing config line "/home/richyg/mynewproject,*.*,1"
Sun Nov 20 04:05:01 2016 [I] 0 files deleted
Sun Nov 20 04:05:01 2016 [I] Processing config line "/home/richyg/mynewproject/configbackup,*.tar,2"
Sun Nov 20 04:05:01 2016 [I] 0 files deleted
Sun Nov 20 05:05:01 2016 [I] Processing config line "b:/home/richyg/mynewproject/config,/home/richyg/mynewproject/configbackup"
Sun Nov 20 05:05:01 2016 [I] Successfully backed up /home/richyg/mynewproject/config to /home/richyg/mynewproject/configbackup/config_20161120.tar
Sun Nov 20 05:05:01 2016 [I] Processing config line "/home/richyg/mynewproject,*.*,1"
Sun Nov 20 05:05:01 2016 [I] 0 files deleted
Sun Nov 20 05:05:01 2016 [I] Processing config line "/home/richyg/mynewproject/configbackup,*.tar,2"
Sun Nov 20 05:05:01 2016 [I] 0 files deleted
Sun Nov 20 06:05:02 2016 [I] Processing config line "b:/home/richyg/mynewproject/config,/home/richyg/mynewproject/configbackup"
Sun Nov 20 06:05:02 2016 [I] Successfully backed up /home/richyg/mynewproject/config to /home/richyg/mynewproject/configbackup/config_20161120.tar
Sun Nov 20 06:05:02 2016 [I] Processing config line "/home/richyg/mynewproject,*.*,1"
Sun Nov 20 06:05:02 2016 [I] 0 files deleted
Sun Nov 20 06:05:02 2016 [I] Processing config line "/home/richyg/mynewproject/configbackup,*.tar,2"
Sun Nov 20 06:05:02 2016 [I] 0 files deleted
Sun Nov 20 07:05:01 2016 [I] Processing config line "b:/home/richyg/mynewproject/config,/home/richyg/mynewproject/configbackup"
Sun Nov 20 07:05:02 2016 [I] Successfully backed up /home/richyg/mynewproject/config to /home/richyg/mynewproject/configbackup/config_20161120.tar
Sun Nov 20 07:05:02 2016 [I] Processing config line "/home/richyg/mynewproject,*.*,1"
Sun Nov 20 07:05:02 2016 [I] 0 files deleted
Sun Nov 20 07:05:02 2016 [I] Processing config line "/home/richyg/mynewproject/configbackup,*.tar,2"
Sun Nov 20 07:05:02 2016 [I] 0 files deleted
Sun Nov 20 08:05:01 2016 [I] Processing config line "b:/home/richyg/mynewproject/config,/home/richyg/mynewproject/configbackup"
Sun Nov 20 08:05:01 2016 [I] Successfully backed up /home/richyg/mynewproject/config to /home/richyg/mynewproject/configbackup/config_20161120.tar
Sun Nov 20 08:05:01 2016 [I] Processing config line "/home/richyg/mynewproject,*.*,1"
Sun Nov 20 08:05:01 2016 [I] 0 files deleted
Sun Nov 20 08:05:01 2016 [I] Processing config line "/home/richyg/mynewproject/configbackup,*.tar,2"
Sun Nov 20 08:05:01 2016 [I] 0 files deleted
Sun Nov 20 09:05:02 2016 [I] Processing config line "b:/home/richyg/mynewproject/config,/home/richyg/mynewproject/configbackup"
Sun Nov 20 09:05:02 2016 [I] Successfully backed up /home/richyg/mynewproject/config to /home/richyg/mynewproject/configbackup/config_20161120.tar
Sun Nov 20 09:05:02 2016 [I] Processing config line "/home/richyg/mynewproject,*.*,1"
Sun Nov 20 09:05:02 2016 [I] 0 files deleted
Sun Nov 20 09:05:02 2016 [I] Processing config line "/home/richyg/mynewproject/configbackup,*.tar,2"
Sun Nov 20 09:05:02 2016 [I] 0 files deleted
Sun Nov 20 10:05:01 2016 [I] Processing config line "b:/home/richyg/mynewproject/config,/home/richyg/mynewproject/configbackup"
Sun Nov 20 10:05:01 2016 [I] Successfully backed up /home/richyg/mynewproject/config to /home/richyg/mynewproject/configbackup/config_20161120.tar
Sun Nov 20 10:05:01 2016 [I] Processing config line "/home/richyg/mynewproject,*.*,1"
Sun Nov 20 10:05:01 2016 [I] 0 files deleted
Sun Nov 20 10:05:01 2016 [I] Processing config line "/home/richyg/mynewproject/configbackup,*.tar,2"
Sun Nov 20 10:05:01 2016 [I] 0 files deleted
Sun Nov 20 11:05:02 2016 [I] Processing config line "b:/home/richyg/mynewproject/config,/home/richyg/mynewproject/configbackup"
Sun Nov 20 11:05:02 2016 [I] Successfully backed up /home/richyg/mynewproject/config to /home/richyg/mynewproject/configbackup/config_20161120.tar
Sun Nov 20 11:05:02 2016 [I] Processing config line "/home/richyg/mynewproject,*.*,1"
Sun Nov 20 11:05:02 2016 [I] 0 files deleted
Sun Nov 20 11:05:02 2016 [I] Processing config line "/home/richyg/mynewproject/configbackup,*.tar,2"
Sun Nov 20 11:05:02 2016 [I] 0 files deleted
Sun Nov 20 12:05:01 2016 [I] Processing config line "b:/home/richyg/mynewproject/config,/home/richyg/mynewproject/configbackup"
Sun Nov 20 12:05:01 2016 [I] Successfully backed up /home/richyg/mynewproject/config to /home/richyg/mynewproject/configbackup/config_20161120.tar
Sun Nov 20 12:05:01 2016 [I] Processing config line "/home/richyg/mynewproject,*.*,1"
Sun Nov 20 12:05:01 2016 [I] 0 files deleted
Sun Nov 20 12:05:01 2016 [I] Processing config line "/home/richyg/mynewproject/configbackup,*.tar,2"
Sun Nov 20 12:05:01 2016 [I] 0 files deleted
Sun Nov 20 13:05:01 2016 [I] Processing config line "b:/home/richyg/mynewproject/config,/home/richyg/mynewproject/configbackup"
Sun Nov 20 13:05:01 2016 [I] Successfully backed up /home/richyg/mynewproject/config to /home/richyg/mynewproject/configbackup/config_20161120.tar
Sun Nov 20 13:05:01 2016 [I] Processing config line "/home/richyg/mynewproject,*.*,1"
Sun Nov 20 13:05:02 2016 [I] 0 files deleted
Sun Nov 20 13:05:02 2016 [I] Processing config line "/home/richyg/mynewproject/configbackup,*.tar,2"
Sun Nov 20 13:05:02 2016 [I] 0 files deleted
Sun Nov 20 14:05:02 2016 [I] Processing config line "b:/home/richyg/mynewproject/config,/home/richyg/mynewproject/configbackup"
Sun Nov 20 14:05:02 2016 [I] Successfully backed up /home/richyg/mynewproject/config to /home/richyg/mynewproject/configbackup/config_20161120.tar
Sun Nov 20 14:05:02 2016 [I] Processing config line "/home/richyg/mynewproject,*.*,1"
Sun Nov 20 14:05:02 2016 [I] 0 files deleted
Sun Nov 20 14:05:02 2016 [I] Processing config line "/home/richyg/mynewproject/configbackup,*.tar,1"
Sun Nov 20 14:05:02 2016 [I] 0 files deleted
Sun Nov 20 14:12:51 2016 [I] Processing config line "b:/home/richyg/mynewproject/config,/home/richyg/mynewproject/configbackup"
Sun Nov 20 14:12:51 2016 [E] Error (2) from OS command - tar: /home/richyg/mynewproject/configbackup/config_20161120.tar: Cannot open: Permission denied
tar: Error is not recoverable: exiting now
Sun Nov 20 14:12:51 2016 [I] Processing config line "/home/richyg/mynewproject/logs,*.*,1"
Sun Nov 20 14:12:51 2016 [I] 0 files deleted
Sun Nov 20 14:12:51 2016 [I] Processing config line "/home/richyg/mynewproject/configbackup,*.tar,1"
Sun Nov 20 14:12:51 2016 [I] 0 files deleted
Sun Nov 20 14:35:01 2016 [I] Processing config line "b:/home/richyg/mynewproject/config,/home/richyg/mynewproject/configbackup"
Sun Nov 20 14:35:01 2016 [E] Error (2) from OS command - tar: /home/richyg/mynewproject/configbackup/config_20161120.tar: Cannot open: Permission denied
tar: Error is not recoverable: exiting now
Sun Nov 20 14:35:01 2016 [I] Processing config line "/home/richyg/mynewproject/logs,*.log*,1"
Sun Nov 20 14:35:01 2016 [I] 0 files deleted
Sun Nov 20 14:35:01 2016 [I] Processing config line "/home/richyg/mynewproject/configbackup,*.tar*,1"
Sun Nov 20 14:35:01 2016 [I] 0 files deleted
Sun Nov 20 15:05:01 2016 [I] Processing config line "b:/home/richyg/mynewproject/config,/home/richyg/mynewproject/configbackup"
Sun Nov 20 15:05:01 2016 [I] Successfully backed up /home/richyg/mynewproject/config to /home/richyg/mynewproject/configbackup/config_20161120.tar
Sun Nov 20 15:05:01 2016 [I] Processing config line "/home/richyg/mynewproject/logs,*.log*,1"
Sun Nov 20 15:05:01 2016 [I] 0 files deleted
Sun Nov 20 15:05:01 2016 [I] Processing config line "/home/richyg/mynewproject/configbackup,*.tar*,1"
Sun Nov 20 15:05:01 2016 [I] 0 files deleted
Sun Nov 20 15:35:02 2016 [I] Processing config line "b:/home/richyg/mynewproject/config,/home/richyg/mynewproject/configbackup"
Sun Nov 20 15:35:02 2016 [E] Error (2) from OS command - tar: /home/richyg/mynewproject/configbackup/config_20161120.tar: Cannot open: Permission denied
tar: Error is not recoverable: exiting now
Sun Nov 20 15:35:02 2016 [I] Processing config line "/home/richyg/mynewproject/logs,*.log*,1"
Sun Nov 20 15:35:02 2016 [I] 0 files deleted
Sun Nov 20 15:35:02 2016 [I] Processing config line "/home/richyg/mynewproject/configbackup,*.tar*,1"
Sun Nov 20 15:35:02 2016 [I] 0 files deleted
Sun Nov 20 16:05:02 2016 [I] Processing config line "b:/home/richyg/mynewproject/config,/home/richyg/mynewproject/configbackup"
Sun Nov 20 16:05:02 2016 [I] Successfully backed up /home/richyg/mynewproject/config to /home/richyg/mynewproject/configbackup/config_20161120.tar
Sun Nov 20 16:05:02 2016 [I] Processing config line "/home/richyg/mynewproject/logs,*.log*,1"
Sun Nov 20 16:05:02 2016 [I] 0 files deleted
Sun Nov 20 16:05:02 2016 [I] Processing config line "/home/richyg/mynewproject/configbackup,*.tar*,1"
Sun Nov 20 16:05:02 2016 [I] 0 files deleted
Sun Nov 20 16:35:01 2016 [I] Processing config line "b:/home/richyg/mynewproject/config,/home/richyg/mynewproject/configbackup"
Sun Nov 20 16:35:01 2016 [E] Error (2) from OS command - tar: /home/richyg/mynewproject/configbackup/config_20161120.tar: Cannot open: Permission denied
tar: Error is not recoverable: exiting now
Sun Nov 20 16:35:01 2016 [I] Processing config line "/home/richyg/mynewproject/logs,*.log*,1"
Sun Nov 20 16:35:01 2016 [I] 0 files deleted
Sun Nov 20 16:35:01 2016 [I] Processing config line "/home/richyg/mynewproject/configbackup,*.tar*,1"
Sun Nov 20 16:35:01 2016 [I] 0 files deleted
Sun Nov 20 16:53:48 2016 [I] Processing config line "b:/home/richyg/mynewproject/config,/home/richyg/mynewproject/configbackup"
Sun Nov 20 16:53:49 2016 [I] Successfully backed up /home/richyg/mynewproject/config to /home/richyg/mynewproject/configbackup/config_20161120.tar
Sun Nov 20 16:53:49 2016 [I] Processing config line "/home/richyg/mynewproject/logs,*.log*,1"
Sun Nov 20 16:53:49 2016 [I] 0 files deleted
Sun Nov 20 16:53:49 2016 [I] Processing config line "/home/richyg/mynewproject/configbackup,*.tar*,1"
Sun Nov 20 16:53:49 2016 [I] 0 files deleted
